  ▲ Next.js 14.2.28
  - Environments: .env
  - Experiments (use with caution):
    · outputFileTracingRoot

   Creating an optimized production build ...
 ✓ Compiled successfully
   Skipping linting
   Checking validity of types ...
   Collecting page data ...
   Generating static pages (0/6) ...
   Generating static pages (1/6) 
   Generating static pages (2/6) 
   Generating static pages (4/6) 
 ✓ Generating static pages (6/6)
   Finalizing page optimization ...
   Collecting build traces ...

Route (app)                              Size     First Load JS
┌ ○ /                                    176 B          96.1 kB
├ ○ /_not-found                          872 B          88.1 kB
├ ƒ /api/pbq/submit                      0 B                0 B
├ ○ /pbq/firewall                        2.65 kB         113 kB
└ ○ /pbq/incident-response               2.83 kB         113 kB
+ First Load JS shared by all            87.2 kB
  ├ chunks/156-54a39b0fbebabf16.js       31.7 kB
  ├ chunks/ceb5afef-76aa556594f4b6ce.js  53.6 kB
  └ other shared chunks (total)          1.89 kB


○  (Static)   prerendered as static content
ƒ  (Dynamic)  server-rendered on demand

exit_code=0
