  ▲ Next.js 14.2.28
  - Local:        http://localhost:3000
  - Environments: .env
  - Experiments (use with caution):
    · outputFileTracingRoot

 ✓ Starting...
 ✓ Ready in 1416ms
 ○ Compiling / ...
 ✓ Compiled / in 1604ms (673 modules)
 GET / 200 in 1938ms
 ✓ Compiled in 391ms (343 modules)
 GET / 200 in 34ms
 GET / 200 in 24ms
 GET / 200 in 23ms
 GET / 200 in 31ms
 GET / 200 in 25ms
 GET / 200 in 26ms
 GET / 200 in 26ms
 GET / 200 in 28ms
 GET / 200 in 25ms
 GET / 200 in 22ms
 GET / 200 in 25ms
 GET / 200 in 23ms
 ○ Compiling /pbq/vpn-config ...
 ✓ Compiled /pbq/vpn-config in 638ms (723 modules)
 GET /pbq/vpn-config 200 in 740ms
 GET /pbq/vpn-config 200 in 32ms
[?25h
