  ▲ Next.js 14.2.28
  - Local:        http://localhost:3000
  - Environments: .env
  - Experiments (use with caution):
    · outputFileTracingRoot

 ✓ Starting...
 ✓ Ready in 1455ms
 ○ Compiling / ...
 ✓ Compiled / in 1836ms (673 modules)
 GET / 200 in 1962ms
 ✓ Compiled in 433ms (343 modules)
 GET / 200 in 52ms
 ○ Compiling /exam ...
 ✓ Compiled /exam in 1589ms (829 modules)
 GET /pbq/firewall 200 in 1916ms
 GET /pbq/vpn-config 200 in 1921ms
 GET /pbq/log-analysis 200 in 1916ms
 GET /exam 200 in 1894ms
 GET /pbq/threat-analysis 200 in 1921ms
 GET /acronym-quiz 200 in 1917ms
 GET /pbq/certificate-mgmt 200 in 1917ms
 GET /pbq/incident-response 200 in 1924ms
[?25h
