  ▲ Next.js 14.2.28
  - Local:        http://localhost:3000
  - Environments: .env
  - Experiments (use with caution):
    · outputFileTracingRoot

 ✓ Starting...
 ✓ Ready in 1428ms
 ○ Compiling / ...
 ✓ Compiled / in 1406ms (527 modules)
 GET / 200 in 1789ms
 ✓ Compiled in 359ms (258 modules)
 GET / 200 in 41ms
 GET / 200 in 29ms
 GET / 200 in 31ms
 GET / 200 in 35ms
 ○ Compiling /acronym-quiz ...
 ✓ Compiled /acronym-quiz in 757ms (611 modules)
 GET / 200 in 79ms
 GET / 200 in 34ms
 ✓ Compiled /exam in 352ms (619 modules)
 GET / 200 in 53ms
 GET / 200 in 30ms
 GET / 200 in 31ms
 GET / 200 in 32ms
 GET / 200 in 33ms
 GET / 200 in 33ms
 ✓ Compiled in 343ms (308 modules)
 ✓ Compiled in 258ms (308 modules)
 ✓ Compiled in 264ms (308 modules)
 ✓ Compiled in 297ms (308 modules)
 ✓ Compiled in 287ms (308 modules)
 ✓ Compiled in 257ms (308 modules)
 ✓ Compiled in 270ms (308 modules)
[?25h
