  ▲ Next.js 14.2.28
  - Local:        http://localhost:3000
  - Environments: .env
  - Experiments (use with caution):
    · outputFileTracingRoot

 ✓ Starting...
Attention: Next.js now collects completely anonymous telemetry regarding usage.
This information is used to shape Next.js' roadmap and prioritize features.
You can learn more, including how to opt-out if you'd not like to participate in this anonymous program, by visiting the following URL:
https://nextjs.org/telemetry

 ✓ Ready in 1343ms
 ○ Compiling / ...
 ✓ Compiled / in 2.4s (530 modules)
 GET / 200 in 2650ms
 ✓ Compiled in 368ms (258 modules)
 ✓ Compiled in 493ms (511 modules)
 GET / 200 in 84ms
 ○ Compiling /pbq/incident-response ...
 ✓ Compiled /pbq/incident-response in 692ms (585 modules)
 GET /pbq/incident-response 200 in 865ms
 GET /pbq/firewall 200 in 872ms
 GET /pbq/firewall 200 in 34ms
 GET /pbq/incident-response 200 in 40ms
 ✓ Compiled /api/pbq/submit in 211ms (335 modules)
 POST /api/pbq/submit 200 in 412ms
[?25h
