  ▲ Next.js 14.2.28
  - Local:        http://localhost:3000
  - Environments: .env
  - Experiments (use with caution):
    · outputFileTracingRoot

 ✓ Starting...
 ✓ Ready in 1666ms
 ○ Compiling / ...
 ✓ Compiled / in 2.3s (530 modules)
 ✓ Compiled in 380ms (258 modules)
 GET / 200 in 2739ms
 GET / 200 in 47ms
 GET / 200 in 34ms
 GET / 200 in 29ms
 GET / 200 in 39ms
 GET / 200 in 33ms
 GET / 200 in 44ms
 GET / 200 in 30ms
 GET / 200 in 35ms
 ✓ Compiled /_not-found in 332ms (514 modules)
 GET /_next/static/chunks/static-generation-async-storage-instance.js.map 404 in 419ms
 GET /_next/static/chunks/handle-smooth-scroll.js.map 404 in 416ms
 GET /_next/static/chunks/app/utils.js.map 404 in 418ms
 GET / 200 in 54ms
 GET / 200 in 31ms
 GET / 200 in 32ms
 GET / 200 in 67ms
 GET / 200 in 42ms
 GET / 200 in 40ms
 GET / 200 in 32ms
 GET / 200 in 30ms
 GET /_next/static/chunks/handle-smooth-scroll.js.map 404 in 13ms
 GET /_next/static/chunks/app/utils.js.map 404 in 15ms
 GET /_next/static/chunks/static-generation-async-storage-instance.js.map 404 in 16ms
 GET / 200 in 31ms
 GET / 200 in 31ms
 GET / 200 in 34ms
 GET / 200 in 31ms
 GET / 200 in 31ms
 GET / 200 in 28ms
 GET / 200 in 31ms
 GET / 200 in 33ms
 GET / 200 in 28ms
 GET / 200 in 29ms
 GET / 200 in 39ms
 GET / 200 in 30ms
 GET / 200 in 31ms
 GET / 200 in 30ms
 GET / 200 in 34ms
 GET / 200 in 30ms
 GET / 200 in 32ms
 GET / 200 in 30ms
 GET / 200 in 33ms
 GET / 200 in 30ms
 GET / 200 in 30ms
 GET / 200 in 30ms
 GET / 200 in 31ms
 GET / 200 in 34ms
 GET / 200 in 31ms
 GET / 200 in 30ms
 GET / 200 in 27ms
 GET / 200 in 31ms
 GET / 200 in 29ms
 GET / 200 in 32ms
 GET / 200 in 35ms
 GET / 200 in 32ms
 GET / 200 in 30ms
 GET / 200 in 34ms
[?25h
