  ▲ Next.js 14.2.28
  - Local:        http://localhost:3000
  - Environments: .env
  - Experiments (use with caution):
    · outputFileTracingRoot

 ✓ Starting...
 ✓ Ready in 1269ms
 ○ Compiling / ...
 ✓ Compiled / in 1542ms (673 modules)
 GET / 200 in 1765ms
 ✓ Compiled in 404ms (343 modules)
 GET / 200 in 41ms
 ○ Compiling /pbq/incident-response ...
 ✓ Compiled /pbq/incident-response in 1436ms (833 modules)
 GET /acronym-quiz 200 in 1730ms
 GET /pbq/threat-analysis 200 in 1734ms
 GET /pbq/vpn-config 200 in 1736ms
 GET /exam 200 in 1758ms
 GET /pbq/firewall 200 in 1735ms
 GET /pbq/incident-response 200 in 1659ms
 GET /pbq/certificate-mgmt 200 in 1731ms
 GET /pbq/log-analysis 200 in 1735ms
 GET /pbq/vpn-config 200 in 39ms
[?25h
