  ▲ Next.js 14.2.28
  - Local:        http://localhost:3000
  - Environments: .env
  - Experiments (use with caution):
    · outputFileTracingRoot

 ✓ Starting...
 ✓ Ready in 1477ms
 ○ Compiling / ...
 ✓ Compiled / in 1881ms (673 modules)
 GET / 200 in 2270ms
 ✓ Compiled in 450ms (343 modules)
 GET / 200 in 37ms
 GET / 200 in 41ms
 GET / 200 in 42ms
 GET / 200 in 35ms
 GET / 200 in 56ms
 GET / 200 in 28ms
 GET / 200 in 28ms
 GET / 200 in 35ms
 GET / 200 in 35ms
 GET / 200 in 30ms
 GET / 200 in 28ms
 GET / 200 in 28ms
 GET / 200 in 58ms
 GET / 200 in 26ms
 GET / 200 in 27ms
 GET / 200 in 24ms
 GET / 200 in 25ms
 GET / 200 in 26ms
 GET / 200 in 26ms
 GET / 200 in 39ms
 GET / 200 in 27ms
 GET / 200 in 27ms
 GET / 200 in 25ms
 GET / 200 in 26ms
 GET / 200 in 24ms
 GET / 200 in 46ms
 GET / 200 in 26ms
 GET / 200 in 31ms
 GET / 200 in 25ms
 GET / 200 in 57ms
 GET / 200 in 25ms
