  ▲ Next.js 14.2.28
  - Local:        http://localhost:3000
  - Environments: .env
  - Experiments (use with caution):
    · outputFileTracingRoot

 ✓ Starting...
 ✓ Ready in 1391ms
 ○ Compiling / ...
 ✓ Compiled / in 1461ms (527 modules)
 GET / 200 in 1582ms
 ✓ Compiled in 417ms (258 modules)
 GET / 200 in 47ms
 ○ Compiling /pbq/threat-analysis ...
 ✓ Compiled /pbq/threat-analysis in 1438ms (815 modules)
 GET /exam 200 in 1725ms
 GET /pbq/firewall 200 in 1724ms
 GET /pbq/vpn-config 200 in 1725ms
 GET /acronym-quiz 200 in 1727ms
 GET /pbq/threat-analysis 200 in 1723ms
 GET /pbq/incident-response 200 in 1728ms
[?25h
