  ▲ Next.js 14.2.28
  - Local:        http://localhost:3000
  - Environments: .env
  - Experiments (use with caution):
    · outputFileTracingRoot

 ✓ Starting...
 ✓ Ready in 1299ms
 ○ Compiling / ...
 ✓ Compiled / in 1627ms (673 modules)
 GET / 200 in 1849ms
 ✓ Compiled in 427ms (343 modules)
 GET / 200 in 33ms
 ○ Compiling /pbq/certificate-mgmt ...
 ✓ Compiled /pbq/certificate-mgmt in 1180ms (833 modules)
 GET /exam 200 in 1472ms
 GET /acronym-quiz 200 in 1474ms
 GET /pbq/log-analysis 200 in 1358ms
 GET /pbq/vpn-config 200 in 1356ms
 GET /pbq/threat-analysis 200 in 1358ms
 GET /pbq/firewall 200 in 1475ms
 GET /pbq/certificate-mgmt 200 in 1347ms
 GET /pbq/incident-response 200 in 1358ms
[?25h
