  ▲ Next.js 14.2.28
  - Local:        http://localhost:3000
  - Environments: .env
  - Experiments (use with caution):
    · outputFileTracingRoot

 ✓ Starting...
 ✓ Ready in 1249ms
 ○ Compiling / ...
 ✓ Compiled / in 1548ms (673 modules)
 GET / 200 in 1884ms
 ✓ Compiled in 379ms (343 modules)
 GET / 200 in 31ms
 GET / 200 in 25ms
 GET / 200 in 24ms
 GET / 200 in 29ms
 GET / 200 in 28ms
 GET / 200 in 23ms
 GET / 200 in 23ms
 GET / 200 in 28ms
 GET / 200 in 24ms
 GET / 200 in 24ms
 GET / 200 in 23ms
 GET / 200 in 22ms
 GET / 200 in 23ms
 GET / 200 in 18ms
 GET / 200 in 20ms
 GET / 200 in 21ms
 GET / 200 in 27ms
 GET / 200 in 25ms
 GET / 200 in 22ms
 GET / 200 in 22ms
 GET / 200 in 20ms
 GET / 200 in 24ms
 GET / 200 in 22ms
 GET / 200 in 21ms
 GET / 200 in 21ms
 GET / 200 in 24ms
 GET / 200 in 23ms
 GET / 200 in 21ms
 GET / 200 in 24ms
 GET / 200 in 20ms
