➤ YN0000: · Yarn 4.11.0
➤ YN0000: ┌ Resolution step
➤ YN0085: │ + @radix-ui/react-slot@npm:1.2.4
➤ YN0000: └ Completed in 0s 229ms
➤ YN0000: ┌ Post-resolution validation
➤ YN0060: │ @typescript-eslint/parser is listed by your project with version 7.0.0 (p6cb6c0), which doesn't satisfy what @typescript-eslint/eslint-plugin requests (^6.0.0-alpha).
➤ YN0060: │ eslint is listed by your project with version 9.24.0 (pe6e000), which doesn't satisfy what @typescript-eslint/eslint-plugin and other dependencies request (^8.57.0).
➤ YN0002: │ app@workspace:. doesn't provide prettier (pd88b5f), requested by eslint-plugin-prettier.
➤ YN0086: │ Some peer dependencies are incorrectly met by your project; run yarn explain peer-requirements <hash> for details, where <hash> is the six-letter p-prefixed code.
➤ YN0086: │ Some peer dependencies are incorrectly met by dependencies; run yarn explain peer-requirements for details.
➤ YN0000: └ Completed
➤ YN0000: ┌ Fetch step
➤ YN0013: │ A package was added to the project (+ 38.11 KiB).
➤ YN0000: └ Completed in 0s 907ms
➤ YN0000: ┌ Link step
➤ YN0008: │ prisma@npm:6.7.0 [0460f] must be rebuilt because its dependency tree changed
➤ YN0008: │ @prisma/client@npm:6.7.0 [0460f] must be rebuilt because its dependency tree changed
➤ YN0000: └ Completed in 2s 559ms
➤ YN0000: · Done with warnings in 3s 851ms
Environment variables loaded from .env
Prisma schema loaded from prisma/schema.prisma

✔ Generated Prisma Client (v6.7.0) to ./node_modules/.prisma/client in 78ms

Start by importing your Prisma Client (See: https://pris.ly/d/importing-client)

Tip: Interested in query caching in just a few lines of code? Try Accelerate today! https://pris.ly/tip-3-accelerate

Starting server...
  ▲ Next.js 14.2.28
  - Local:        http://localhost:3000
  - Environments: .env
  - Experiments (use with caution):
    · outputFileTracingRoot

 ✓ Starting...
 ✓ Ready in 1513ms
 ○ Compiling / ...
 ✓ Compiled / in 2.2s (530 modules)
 HEAD / 200 in 2403ms
 ✓ Compiled in 344ms (258 modules)
 GET / 200 in 46ms
 GET / 200 in 32ms
 GET / 200 in 34ms
 GET / 200 in 32ms
 GET / 200 in 26ms
 GET / 200 in 34ms
 GET / 200 in 28ms
 GET / 200 in 31ms
 GET / 200 in 31ms
 GET / 200 in 25ms
 GET / 200 in 28ms
 GET / 200 in 25ms
 GET / 200 in 27ms
 GET / 200 in 25ms
 GET / 200 in 27ms
 GET / 200 in 27ms
 GET / 200 in 27ms
 GET / 200 in 24ms
 GET / 200 in 27ms
 GET / 200 in 27ms
 GET / 200 in 43ms
 GET / 200 in 30ms
 GET / 200 in 27ms
 GET / 200 in 28ms
 GET / 200 in 22ms
 GET / 200 in 24ms
 GET / 200 in 24ms
 GET / 200 in 23ms
 GET / 200 in 26ms
 GET / 200 in 25ms
 GET / 200 in 24ms
 GET / 200 in 26ms
 GET / 200 in 24ms
 GET / 200 in 27ms
 GET / 200 in 26ms
