  ▲ Next.js 14.2.28
  - Local:        http://localhost:3000
  - Environments: .env
  - Experiments (use with caution):
    · outputFileTracingRoot

 ✓ Starting...
 ✓ Ready in 1346ms
 ○ Compiling / ...
 ✓ Compiled / in 1620ms (673 modules)
 GET / 200 in 1843ms
 ✓ Compiled in 411ms (343 modules)
 GET / 200 in 42ms
 ○ Compiling /pbq/threat-analysis ...
 ✓ Compiled /pbq/threat-analysis in 1198ms (807 modules)
 GET /acronym-quiz 200 in 1436ms
 GET /exam 200 in 1442ms
 GET /pbq/firewall 200 in 1441ms
 GET /pbq/incident-response 200 in 1437ms
 GET /pbq/threat-analysis 200 in 1431ms
 GET /pbq/vpn-config 200 in 1443ms
[?25h
