  ▲ Next.js 14.2.28
  - Local:        http://localhost:3000
  - Environments: .env
  - Experiments (use with caution):
    · outputFileTracingRoot

 ✓ Starting...
 ✓ Ready in 1557ms
 ○ Compiling / ...
 ✓ Compiled / in 2s (532 modules)
 GET / 200 in 2365ms
 ✓ Compiled in 364ms (258 modules)
 GET / 200 in 38ms
 GET / 200 in 29ms
 GET / 200 in 29ms
 GET / 200 in 35ms
 GET / 200 in 28ms
 GET / 200 in 35ms
 GET / 200 in 26ms
 GET / 200 in 32ms
 GET / 200 in 28ms
 GET / 200 in 27ms
 GET / 200 in 26ms
 GET / 200 in 27ms
 ○ Compiling /pbq/vpn-config ...
 ✓ Compiled /pbq/vpn-config in 865ms (711 modules)
 GET / 200 in 75ms
 ✓ Compiled /api/pbq/submit in 197ms (398 modules)
 POST /api/pbq/submit 500 in 387ms
 GET / 200 in 65ms
 ✓ Compiled /pbq/threat-analysis in 467ms (774 modules)
 GET / 200 in 53ms
 GET / 200 in 32ms
 GET / 200 in 37ms
 GET / 200 in 28ms
 GET / 200 in 29ms
 GET / 200 in 27ms
 GET / 200 in 26ms
 GET / 200 in 26ms
 GET / 200 in 30ms
 GET / 200 in 25ms
 GET / 200 in 28ms
 GET / 200 in 30ms
 GET / 200 in 29ms
 ✓ Compiled in 318ms (371 modules)
 ✓ Compiled in 552ms (371 modules)
 ✓ Compiled in 253ms (371 modules)
 ✓ Compiled in 232ms (371 modules)
 ✓ Compiled in 280ms (371 modules)
 ✓ Compiled in 330ms (371 modules)
[?25h
