  ▲ Next.js 14.2.28
  - Local:        http://localhost:3000
  - Environments: .env
  - Experiments (use with caution):
    · outputFileTracingRoot

 ✓ Starting...
 ✓ Ready in 1299ms
 ○ Compiling / ...
 ✓ Compiled / in 1896ms (673 modules)
 GET / 200 in 2107ms
 ✓ Compiled in 397ms (343 modules)
 GET / 200 in 44ms
 ○ Compiling /pbq/threat-analysis ...
 ✓ Compiled /pbq/threat-analysis in 1059ms (807 modules)
 GET /exam 200 in 1305ms
 GET /pbq/threat-analysis 200 in 1299ms
 GET /acronym-quiz 200 in 1307ms
 GET /pbq/incident-response 200 in 1307ms
 GET /pbq/vpn-config 200 in 1306ms
 GET /pbq/firewall 200 in 1309ms
[?25h
