Error saving PBQ attempt: PrismaClientValidationError: 
Invalid `prisma.pBQAttempt.create()` invocation in
/home/ubuntu/security_plus_pbq_simulator/nextjs_space/.next/server/app/api/pbq/submit/route.js:126:49

  123     sessionId = session?.id ?? "";
  124 }
  125 // Save attempt
→ 126 const attempt = await prisma.pBQAttempt.create({
        data: {
          sessionId: "cmitn7ycz0000sxcg19qrbld0",
          pbqNumber: 0,
          pbqType: "threat-analysis",
          userAnswer: {
            attackAnswers: {
              attack1: {
                attackType: "Botnet/DDoS",
                remediation: "Disable remote access services"
              },
              attack2: {
                attackType: "Logic Bomb",
                remediation: "Conduct a code review"
              },
              attack3: {
                attackType: "Worm",
                remediation: "Conduct a code review"
              },
              attack4: {
                attackType: "Phishing",
                remediation: "Implement a host-based IPS"
              },
              attack5: {
                attackType: "Ransomware",
                remediation: "Conduct a code review"
              }
            },
            serverStatus: {
              server1: "Infected",
              server2: "Origin",
              server3: "Infected"
            }
          },
          ~~~~~~~~~~~~~~~~~~~~~~~~~~~~~~~~~~~~~~~~~~~~~~~~~~~~~~~~~~~~~~~~~~~~~~~~~~~
          score: 31.25,
          isCorrect: false
        }
      })

Argument `userAnswer`: Invalid value provided. Expected String, provided Object.
    at An (/opt/hostedapp/node/root/app/node_modules/.prisma/client/runtime/library.js:32:1363)
    at zn.handleRequestError (/opt/hostedapp/node/root/app/node_modules/.prisma/client/runtime/library.js:124:7102)
    at zn.handleAndLogRequestError (/opt/hostedapp/node/root/app/node_modules/.prisma/client/runtime/library.js:124:6784)
    at zn.request (/opt/hostedapp/node/root/app/node_modules/.prisma/client/runtime/library.js:124:6491)
    at async l (/opt/hostedapp/node/root/app/node_modules/.prisma/client/runtime/library.js:133:9778)
    at async POST (/home/ubuntu/security_plus_pbq_simulator/nextjs_space/.next/server/app/api/pbq/submit/route.js:126:25)
    at async /opt/hostedapp/node/root/app/node_modules/next/dist/compiled/next-server/app-route.runtime.dev.js:6:57228
    at async eT.execute (/opt/hostedapp/node/root/app/node_modules/next/dist/compiled/next-server/app-route.runtime.dev.js:6:46851)
    at async eT.handle (/opt/hostedapp/node/root/app/node_modules/next/dist/compiled/next-server/app-route.runtime.dev.js:6:58760)
    at async doRender (/opt/hostedapp/node/root/app/node_modules/next/dist/server/base-server.js:1366:42)
    at async cacheEntry.responseCache.get.routeKind (/opt/hostedapp/node/root/app/node_modules/next/dist/server/base-server.js:1588:28)
    at async DevServer.renderToResponseWithComponentsImpl (/opt/hostedapp/node/root/app/node_modules/next/dist/server/base-server.js:1496:28)
    at async DevServer.renderPageComponent (/opt/hostedapp/node/root/app/node_modules/next/dist/server/base-server.js:1924:24)
    at async DevServer.renderToResponseImpl (/opt/hostedapp/node/root/app/node_modules/next/dist/server/base-server.js:1962:32)
    at async DevServer.pipeImpl (/opt/hostedapp/node/root/app/node_modules/next/dist/server/base-server.js:922:25)
    at async NextNodeServer.handleCatchallRenderRequest (/opt/hostedapp/node/root/app/node_modules/next/dist/server/next-server.js:272:17)
    at async DevServer.handleRequestImpl (/opt/hostedapp/node/root/app/node_modules/next/dist/server/base-server.js:818:17)
    at async /opt/hostedapp/node/root/app/node_modules/next/dist/server/dev/next-dev-server.js:339:20
    at async Span.traceAsyncFn (/opt/hostedapp/node/root/app/node_modules/next/dist/trace/trace.js:154:20)
    at async DevServer.handleRequest (/opt/hostedapp/node/root/app/node_modules/next/dist/server/dev/next-dev-server.js:336:24)
    at async invokeRender (/opt/hostedapp/node/root/app/node_modules/next/dist/server/lib/router-server.js:178:21)
    at async handleRequest (/opt/hostedapp/node/root/app/node_modules/next/dist/server/lib/router-server.js:355:24)
    at async requestHandlerImpl (/opt/hostedapp/node/root/app/node_modules/next/dist/server/lib/router-server.js:379:13)
    at async Server.requestListener (/opt/hostedapp/node/root/app/node_modules/next/dist/server/lib/start-server.js:141:13) {
  clientVersion: '6.7.0'
}
