  ▲ Next.js 14.2.28
  - Local:        http://localhost:3000
  - Environments: .env
  - Experiments (use with caution):
    · outputFileTracingRoot

 ✓ Starting...
 ✓ Ready in 1423ms
 ○ Compiling / ...
 ✓ Compiled / in 1849ms (673 modules)
 GET / 200 in 2105ms
 ✓ Compiled in 434ms (343 modules)
 GET / 200 in 41ms
 ○ Compiling /pbq/certificate-mgmt ...
 ✓ Compiled /pbq/certificate-mgmt in 1763ms (829 modules)
 GET /pbq/firewall 200 in 2124ms
 GET /acronym-quiz 200 in 2126ms
 GET /pbq/incident-response 200 in 2125ms
 GET /pbq/vpn-config 200 in 2117ms
 GET /exam 200 in 2127ms
 GET /pbq/log-analysis 200 in 2118ms
 GET /pbq/certificate-mgmt 200 in 2092ms
 GET /pbq/threat-analysis 200 in 2120ms
[?25h
