  ▲ Next.js 14.2.28
  - Local:        http://localhost:3000
  - Environments: .env
  - Experiments (use with caution):
    · outputFileTracingRoot

 ✓ Starting...
 ✓ Ready in 1344ms
 ○ Compiling / ...
 ✓ Compiled / in 1604ms (673 modules)
 GET / 200 in 1816ms
 ✓ Compiled in 382ms (343 modules)
 GET / 200 in 43ms
 ○ Compiling /pbq/firewall ...
 ✓ Compiled /pbq/firewall in 1353ms (829 modules)
 GET /acronym-quiz 200 in 1667ms
 GET /pbq/vpn-config 200 in 1668ms
 GET /pbq/log-analysis 200 in 1666ms
 GET /pbq/threat-analysis 200 in 1666ms
 GET /pbq/firewall 200 in 1664ms
 GET /pbq/certificate-mgmt 200 in 1664ms
 GET /exam 200 in 1672ms
 GET /pbq/incident-response 200 in 1665ms
[?25h
