  ▲ Next.js 14.2.28
  - Local:        http://localhost:3000
  - Environments: .env
  - Experiments (use with caution):
    · outputFileTracingRoot

 ✓ Starting...
 ✓ Ready in 1276ms
 ○ Compiling / ...
 ✓ Compiled / in 1871ms (673 modules)
 GET / 200 in 2279ms
 ✓ Compiled in 467ms (343 modules)
 GET / 200 in 50ms
 GET / 200 in 39ms
 GET / 200 in 29ms
 GET / 200 in 31ms
 GET / 200 in 41ms
 GET / 200 in 52ms
 ○ Compiling /pbq/vpn-config ...
 ✓ Compiled /pbq/vpn-config in 582ms (723 modules)
 ✓ Compiled /api/pbq/submit in 221ms (393 modules)
 POST /api/pbq/submit 200 in 422ms
 GET / 200 in 188ms
 GET / 200 in 29ms
 GET / 200 in 26ms
 GET / 200 in 24ms
 GET / 200 in 27ms
 GET / 200 in 25ms
 GET / 200 in 26ms
 GET / 200 in 25ms
 GET / 200 in 26ms
 GET / 200 in 24ms
 GET / 200 in 23ms
 GET / 200 in 25ms
 GET / 200 in 22ms
 GET / 200 in 22ms
 GET / 200 in 20ms
 GET / 200 in 23ms
 GET / 200 in 20ms
 GET / 200 in 19ms
 GET / 200 in 18ms
 ✓ Compiled /pbq/firewall in 472ms (716 modules)
 GET /pbq/firewall 200 in 594ms
 GET / 200 in 36ms
 ✓ Compiled in 445ms (728 modules)
 GET /pbq/firewall 200 in 59ms
 GET / 200 in 37ms
[?25h
