  ▲ Next.js 14.2.28
  - Environments: .env
  - Experiments (use with caution):
    · outputFileTracingRoot

   Creating an optimized production build ...
 ✓ Compiled successfully
   Skipping linting
   Checking validity of types ...
   Collecting page data ...
   Generating static pages (0/12) ...
   Generating static pages (3/12) 
   Generating static pages (6/12) 
   Generating static pages (9/12) 
 ✓ Generating static pages (12/12)
   Finalizing page optimization ...
   Collecting build traces ...

Route (app)                              Size     First Load JS
┌ ○ /                                    7.58 kB         122 kB
├ ○ /_not-found                          872 B          88.1 kB
├ ○ /acronym-quiz                        3.01 kB         131 kB
├ ƒ /api/pbq/submit                      0 B                0 B
├ ○ /exam                                7.51 kB         142 kB
├ ○ /pbq/certificate-mgmt                4.6 kB          147 kB
├ ○ /pbq/firewall                        4.43 kB         121 kB
├ ○ /pbq/incident-response               4.63 kB         121 kB
├ ○ /pbq/log-analysis                    3.77 kB         131 kB
├ ○ /pbq/threat-analysis                 4.9 kB          155 kB
└ ○ /pbq/vpn-config                      3.81 kB         146 kB
+ First Load JS shared by all            87.2 kB
  ├ chunks/156-19c70f6b87101c8e.js       31.7 kB
  ├ chunks/ceb5afef-a88ae4c1d1f36d80.js  53.6 kB
  └ other shared chunks (total)          1.9 kB


○  (Static)   prerendered as static content
ƒ  (Dynamic)  server-rendered on demand

exit_code=0
