  ▲ Next.js 14.2.28
  - Local:        http://localhost:3000
  - Environments: .env
  - Experiments (use with caution):
    · outputFileTracingRoot

 ✓ Starting...
 ✓ Ready in 1362ms
 ○ Compiling / ...
 ✓ Compiled / in 1365ms (527 modules)
 GET / 200 in 1925ms
 ✓ Compiled in 525ms (258 modules)
 GET / 200 in 38ms
 GET / 200 in 31ms
 GET / 200 in 29ms
 ✓ Compiled in 263ms (258 modules)
 ✓ Compiled in 228ms (258 modules)
 ✓ Compiled in 257ms (258 modules)
 ✓ Compiled in 217ms (258 modules)
 ✓ Compiled in 229ms (258 modules)
 ✓ Compiled in 226ms (258 modules)
[?25h
