➤ YN0000: · Yarn 4.11.0
➤ YN0000: ┌ Resolution step
➤ YN0085: │ + @radix-ui/react-slot@npm:1.2.4
➤ YN0000: └ Completed in 0s 260ms
➤ YN0000: ┌ Post-resolution validation
➤ YN0060: │ @typescript-eslint/parser is listed by your project with version 7.0.0 (p6cb6c0), which doesn't satisfy what @typescript-eslint/eslint-plugin requests (^6.0.0-alpha).
➤ YN0060: │ eslint is listed by your project with version 9.24.0 (pe6e000), which doesn't satisfy what @typescript-eslint/eslint-plugin and other dependencies request (^8.57.0).
➤ YN0002: │ app@workspace:. doesn't provide prettier (pd88b5f), requested by eslint-plugin-prettier.
➤ YN0086: │ Some peer dependencies are incorrectly met by your project; run yarn explain peer-requirements <hash> for details, where <hash> is the six-letter p-prefixed code.
➤ YN0086: │ Some peer dependencies are incorrectly met by dependencies; run yarn explain peer-requirements for details.
➤ YN0000: └ Completed
➤ YN0000: ┌ Fetch step
➤ YN0013: │ A package was added to the project (+ 38.11 KiB).
➤ YN0000: └ Completed in 0s 913ms
➤ YN0000: ┌ Link step
➤ YN0000: └ Completed in 0s 291ms
➤ YN0000: · Done with warnings in 1s 521ms
Environment variables loaded from .env
Prisma schema loaded from prisma/schema.prisma

✔ Generated Prisma Client (v6.7.0) to ./node_modules/.prisma/client in 69ms

Start by importing your Prisma Client (See: https://pris.ly/d/importing-client)

Tip: Need your database queries to be 1000x faster? Accelerate offers you that and more: https://pris.ly/tip-2-accelerate

Starting server...
  ▲ Next.js 14.2.28
  - Local:        http://localhost:3000
  - Environments: .env
  - Experiments (use with caution):
    · outputFileTracingRoot

 ✓ Starting...
 ✓ Ready in 1440ms
 ○ Compiling / ...
 ✓ Compiled / in 1877ms (673 modules)
 HEAD / 200 in 1921ms
 ✓ Compiled in 378ms (343 modules)
 GET / 200 in 35ms
 GET / 200 in 28ms
 GET / 200 in 28ms
 GET / 200 in 33ms
 GET / 200 in 28ms
 GET / 200 in 30ms
 ✓ Compiled in 275ms (343 modules)
 ✓ Compiled in 494ms (331 modules)
 ✓ Compiled in 252ms (343 modules)
 ✓ Compiled in 419ms (331 modules)
 ✓ Compiled in 415ms (343 modules)
 ✓ Compiled in 347ms (343 modules)
 ✓ Compiled in 332ms (343 modules)
 ✓ Compiled in 298ms (343 modules)
 ✓ Compiled in 335ms (343 modules)
 ✓ Compiled in 239ms (343 modules)
[?25h
