  ▲ Next.js 14.2.28
  - Local:        http://localhost:3000
  - Environments: .env
  - Experiments (use with caution):
    · outputFileTracingRoot

 ✓ Starting...
 ✓ Ready in 1354ms
 ○ Compiling / ...
 ✓ Compiled / in 1681ms (673 modules)
 GET / 200 in 2092ms
 ✓ Compiled in 411ms (343 modules)
 GET / 200 in 41ms
 ○ Compiling /pbq/incident-response ...
 ✓ Compiled /pbq/incident-response in 1797ms (833 modules)
 GET /acronym-quiz 200 in 2195ms
 GET /exam 200 in 2208ms
 GET /pbq/threat-analysis 200 in 2227ms
 GET /pbq/firewall 200 in 2206ms
 GET /pbq/certificate-mgmt 200 in 2209ms
 GET /pbq/incident-response 200 in 2192ms
 GET /pbq/vpn-config 200 in 2240ms
 GET /pbq/log-analysis 200 in 2218ms
[?25h
