  ▲ Next.js 14.2.28
  - Local:        http://localhost:3000
  - Environments: .env
  - Experiments (use with caution):
    · outputFileTracingRoot

 ✓ Starting...
 ✓ Ready in 1303ms
 ○ Compiling / ...
 ✓ Compiled / in 1548ms (673 modules)
 GET / 200 in 1896ms
 ✓ Compiled in 384ms (343 modules)
 GET / 200 in 32ms
 GET / 200 in 25ms
 GET / 200 in 25ms
 ✓ Compiled /pbq/firewall in 484ms (691 modules)
 ✓ Compiled /pbq/incident-response in 298ms (699 modules)
 ○ Compiling /pbq/vpn-config ...
 ✓ Compiled /pbq/vpn-config in 506ms (751 modules)
 ✓ Compiled /pbq/threat-analysis in 388ms (767 modules)
 ✓ Compiled /pbq/log-analysis in 377ms (791 modules)
 GET / 200 in 71ms
 ✓ Compiled /pbq/certificate-mgmt in 290ms (803 modules)
 GET / 200 in 48ms
 GET / 200 in 24ms
 GET / 200 in 28ms
[?25h
