  ▲ Next.js 14.2.28
  - Local:        http://localhost:3000
  - Environments: .env
  - Experiments (use with caution):
    · outputFileTracingRoot

 ✓ Starting...
 ✓ Ready in 1380ms
 ○ Compiling / ...
 ✓ Compiled / in 1511ms (673 modules)
 GET / 200 in 1879ms
 ✓ Compiled in 416ms (343 modules)
 GET / 200 in 46ms
 GET / 200 in 36ms
 GET / 200 in 32ms
 GET / 200 in 35ms
 GET / 200 in 34ms
 GET / 200 in 39ms
 GET / 200 in 28ms
 GET / 200 in 36ms
 GET / 200 in 29ms
 GET / 200 in 32ms
 GET / 200 in 32ms
 GET / 200 in 28ms
 GET / 200 in 31ms
