Attention: Next.js now collects completely anonymous telemetry regarding usage.
This information is used to shape Next.js' roadmap and prioritize features.
You can learn more, including how to opt-out if you'd not like to participate in this anonymous program, by visiting the following URL:
https://nextjs.org/telemetry

  ▲ Next.js 14.2.28
  - Experiments (use with caution):
    · outputFileTracingRoot

   Creating an optimized production build ...
 ✓ Compiled successfully
   Skipping linting
   Checking validity of types ...
   Collecting page data ...
   Generating static pages (0/6) ...
   Generating static pages (1/6) 
   Generating static pages (2/6) 
   Generating static pages (4/6) 
 ✓ Generating static pages (6/6)
   Finalizing page optimization ...
   Collecting build traces ...

Route (app)                              Size     First Load JS
┌ ○ /                                    175 B            96 kB
├ ○ /_not-found                          873 B            88 kB
├ ƒ /api/pbq/submit                      0 B                0 B
├ ○ /pbq/firewall                        2.65 kB         113 kB
└ ○ /pbq/incident-response               2.83 kB         113 kB
+ First Load JS shared by all            87.1 kB
  ├ chunks/117-c515a487ea12f933.js       31.6 kB
  ├ chunks/fd9d1056-cab25b47b7f5857b.js  53.6 kB
  └ other shared chunks (total)          1.89 kB


○  (Static)   prerendered as static content
ƒ  (Dynamic)  server-rendered on demand

Successfully built app artifact
