  ▲ Next.js 14.2.28
  - Environments: .env
  - Experiments (use with caution):
    · outputFileTracingRoot

   Creating an optimized production build ...
 ✓ Compiled successfully
   Skipping linting
   Checking validity of types ...
   Collecting page data ...
   Generating static pages (0/10) ...
   Generating static pages (2/10) 
   Generating static pages (4/10) 
   Generating static pages (7/10) 
 ✓ Generating static pages (10/10)
   Finalizing page optimization ...
   Collecting build traces ...

Route (app)                              Size     First Load JS
┌ ○ /                                    176 B          96.1 kB
├ ○ /_not-found                          872 B          88.1 kB
├ ○ /acronym-quiz                        2.11 kB         130 kB
├ ƒ /api/pbq/submit                      0 B                0 B
├ ○ /exam                                2.77 kB         130 kB
├ ○ /pbq/firewall                        4.4 kB          117 kB
├ ○ /pbq/incident-response               4.6 kB          117 kB
├ ○ /pbq/threat-analysis                 11.4 kB         149 kB
└ ○ /pbq/vpn-config                      3.73 kB         141 kB
+ First Load JS shared by all            87.2 kB
  ├ chunks/156-19c70f6b87101c8e.js       31.7 kB
  ├ chunks/ceb5afef-a88ae4c1d1f36d80.js  53.6 kB
  └ other shared chunks (total)          1.9 kB


○  (Static)   prerendered as static content
ƒ  (Dynamic)  server-rendered on demand

exit_code=0
