  ▲ Next.js 14.2.28
  - Local:        http://localhost:3000
  - Environments: .env
  - Experiments (use with caution):
    · outputFileTracingRoot

 ✓ Starting...
 ✓ Ready in 1430ms
 ○ Compiling / ...
 ✓ Compiled / in 1649ms (527 modules)
 GET / 200 in 1745ms
 ✓ Compiled in 393ms (258 modules)
 GET / 200 in 45ms
 ○ Compiling /pbq/threat-analysis ...
 ✓ Compiled /pbq/threat-analysis in 1287ms (815 modules)
 GET /pbq/incident-response 200 in 1552ms
 GET /pbq/threat-analysis 200 in 1549ms
 GET /pbq/vpn-config 200 in 1552ms
 GET /exam 200 in 1554ms
 GET /acronym-quiz 200 in 1554ms
 GET /pbq/firewall 200 in 1555ms
[?25h
