  ▲ Next.js 14.2.28
  - Local:        http://localhost:3000
  - Environments: .env
  - Experiments (use with caution):
    · outputFileTracingRoot

 ✓ Starting...
 ✓ Ready in 1408ms
 ○ Compiling / ...
 ✓ Compiled / in 1636ms (673 modules)
 GET / 200 in 1928ms
 ✓ Compiled in 399ms (343 modules)
 GET / 200 in 36ms
 ○ Compiling /pbq/threat-analysis ...
 ✓ Compiled /pbq/threat-analysis in 1136ms (833 modules)
 GET /exam 200 in 1422ms
 GET /acronym-quiz 200 in 1425ms
 GET /pbq/log-analysis 200 in 1422ms
 GET /pbq/firewall 200 in 1420ms
 GET /pbq/vpn-config 200 in 1423ms
 GET /pbq/incident-response 200 in 1424ms
 GET /pbq/certificate-mgmt 200 in 1419ms
 GET /pbq/threat-analysis 200 in 1419ms
[?25h
