  ▲ Next.js 14.2.28
  - Local:        http://localhost:3000
  - Environments: .env
  - Experiments (use with caution):
    · outputFileTracingRoot

 ✓ Starting...
 ✓ Ready in 1696ms
 ○ Compiling / ...
 ✓ Compiled / in 2s (549 modules)
 GET / 200 in 2124ms
 ✓ Compiled in 420ms (281 modules)
 ○ Compiling /pentest-plus ...
 ✓ Compiled /pentest-plus in 599ms (555 modules)
 GET /pentest-plus 200 in 706ms
 GET /pentest-plus 200 in 31ms
 GET / 200 in 40ms
 GET /pentest-plus 200 in 27ms
 ○ Compiling /security-plus ...
 ✓ Compiled /security-plus in 653ms (685 modules)
 GET /pentest-plus 200 in 753ms
 GET /security-plus 200 in 780ms
 ○ Compiling /pbq/threat-analysis ...
 ✓ Compiled /pbq/threat-analysis in 1221ms (847 modules)
 GET /pbq/vpn-config 200 in 1523ms
 GET /acronym-quiz 200 in 1523ms
 GET /pbq/firewall 200 in 1523ms
 GET /pbq/log-analysis 200 in 1527ms
 GET /pbq/incident-response 200 in 1528ms
 GET /exam 200 in 1533ms
 GET /pbq/certificate-mgmt 200 in 1520ms
 GET /pbq/threat-analysis 200 in 1516ms
[?25h
