  ▲ Next.js 14.2.28
  - Local:        http://localhost:3000
  - Environments: .env
  - Experiments (use with caution):
    · outputFileTracingRoot

 ✓ Starting...
 ✓ Ready in 1536ms
 ○ Compiling / ...
 ✓ Compiled / in 1690ms (549 modules)
 GET / 200 in 2116ms
 ✓ Compiled in 447ms (281 modules)
 GET / 200 in 45ms
 GET / 200 in 54ms
 GET / 200 in 202ms
 GET / 200 in 46ms
 GET / 200 in 42ms
 GET / 200 in 58ms
 GET / 200 in 43ms
 ✓ Compiled in 460ms (269 modules)
 ✓ Compiled in 473ms (269 modules)
 ✓ Compiled in 333ms (281 modules)
 ✓ Compiled in 267ms (281 modules)
 ✓ Compiled in 714ms (281 modules)
 ✓ Compiled in 331ms (281 modules)
[?25h
