  ▲ Next.js 14.2.28
  - Environments: .env
  - Experiments (use with caution):
    · outputFileTracingRoot

   Creating an optimized production build ...
 ✓ Compiled successfully
   Skipping linting
   Checking validity of types ...
   Collecting page data ...
   Generating static pages (0/21) ...
   Generating static pages (5/21) 
   Generating static pages (10/21) 
   Generating static pages (15/21) 
 ✓ Generating static pages (21/21)
   Finalizing page optimization ...
   Collecting build traces ...

Route (app)                              Size     First Load JS
┌ ○ /                                    4.05 kB         108 kB
├ ○ /_not-found                          872 B          88.1 kB
├ ○ /acronym-quiz                        6.48 kB         131 kB
├ ƒ /api/pbq/submit                      0 B                0 B
├ ○ /exam                                9.12 kB         142 kB
├ ○ /linux-plus                          2.72 kB         107 kB
├ ○ /lpi-1                               2.95 kB         107 kB
├ ○ /network-plus                        2.71 kB         107 kB
├ ○ /pbq/certificate-mgmt                4.72 kB         147 kB
├ ○ /pbq/firewall                        4.43 kB         121 kB
├ ○ /pbq/incident-response               4.63 kB         121 kB
├ ○ /pbq/log-analysis                    7.34 kB         131 kB
├ ○ /pbq/threat-analysis                 5 kB            154 kB
├ ○ /pbq/vpn-config                      3.89 kB         146 kB
├ ○ /pentest-exam                        7.29 kB         130 kB
├ ○ /pentest-pbq/certificate             5.99 kB         129 kB
├ ○ /pentest-pbq/nmap-command            6.17 kB         126 kB
├ ○ /pentest-pbq/web-vulns               2.94 kB         148 kB
├ ○ /pentest-plus                        4.46 kB         108 kB
└ ○ /security-plus                       4.08 kB         119 kB
+ First Load JS shared by all            87.2 kB
  ├ chunks/156-19c70f6b87101c8e.js       31.7 kB
  ├ chunks/ceb5afef-a88ae4c1d1f36d80.js  53.6 kB
  └ other shared chunks (total)          1.9 kB


○  (Static)   prerendered as static content
ƒ  (Dynamic)  server-rendered on demand

exit_code=0
