  ▲ Next.js 14.2.28
  - Local:        http://localhost:3000
  - Environments: .env
  - Experiments (use with caution):
    · outputFileTracingRoot

 ✓ Starting...
 ✓ Ready in 1419ms
 ○ Compiling / ...
 ✓ Compiled / in 1615ms (556 modules)
 GET / 200 in 2028ms
 ✓ Compiled in 423ms (284 modules)
 GET / 200 in 49ms
 GET / 200 in 35ms
 GET / 200 in 33ms
 GET / 200 in 42ms
 GET / 200 in 37ms
 GET / 200 in 36ms
 GET / 200 in 39ms
 GET / 200 in 34ms
 GET / 200 in 39ms
 GET / 200 in 31ms
 GET / 200 in 36ms
 GET / 200 in 46ms
 GET / 200 in 35ms
 GET / 200 in 40ms
 GET / 200 in 37ms
 GET / 200 in 37ms
 GET / 200 in 37ms
 GET / 200 in 33ms
 GET / 200 in 38ms
 GET / 200 in 35ms
 GET / 200 in 34ms
 GET / 200 in 38ms
 GET / 200 in 35ms
 GET / 200 in 34ms
 GET / 200 in 32ms
 GET / 200 in 35ms
 GET / 200 in 37ms
 GET / 200 in 36ms
 GET / 200 in 33ms
 GET / 200 in 40ms
 GET / 200 in 34ms
 GET / 200 in 34ms
