  ▲ Next.js 14.2.28
  - Environments: .env
  - Experiments (use with caution):
    · outputFileTracingRoot

   Creating an optimized production build ...
 ✓ Compiled successfully
   Skipping linting
   Checking validity of types ...
   Collecting page data ...
   Generating static pages (0/29) ...
   Generating static pages (7/29) 
   Generating static pages (14/29) 
   Generating static pages (21/29) 
 ✓ Generating static pages (29/29)
   Finalizing page optimization ...
   Collecting build traces ...

Route (app)                              Size     First Load JS
┌ ○ /                                    4.13 kB         108 kB
├ ○ /_not-found                          876 B          88.1 kB
├ ○ /acronym-quiz                        6.49 kB         131 kB
├ ƒ /api/pbq/submit                      0 B                0 B
├ ○ /exam                                9.13 kB         142 kB
├ ○ /linux-plus                          2.73 kB         107 kB
├ ○ /lpi-1                               2.96 kB         107 kB
├ ○ /network-plus                        2.72 kB         107 kB
├ ○ /pbq/certificate-mgmt                4.72 kB         147 kB
├ ○ /pbq/firewall                        4.44 kB         121 kB
├ ○ /pbq/incident-response               4.64 kB         121 kB
├ ○ /pbq/log-analysis                    7.35 kB         131 kB
├ ○ /pbq/threat-analysis                 5.01 kB         154 kB
├ ○ /pbq/vpn-config                      3.9 kB          146 kB
├ ○ /pentest-exam                        7.29 kB         138 kB
├ ○ /pentest-pbq/certificate             6 kB            137 kB
├ ○ /pentest-pbq/cloud-s3                1.66 kB         105 kB
├ ○ /pentest-pbq/container-escape        1.66 kB         105 kB
├ ○ /pentest-pbq/dns-recon               1.66 kB         105 kB
├ ○ /pentest-pbq/dom-xss                 1.66 kB         105 kB
├ ○ /pentest-pbq/nmap-command            6.18 kB         134 kB
├ ○ /pentest-pbq/python-script           1.78 kB         130 kB
├ ○ /pentest-pbq/robots-txt              1.66 kB         105 kB
├ ○ /pentest-pbq/web-vulns               2.94 kB         156 kB
├ ○ /pentest-pbq/wireless                1.66 kB         105 kB
├ ○ /pentest-plus                        4.57 kB         108 kB
├ ○ /security-plus                       4.08 kB         120 kB
└ ○ /tool-commander                      4.87 kB         134 kB
+ First Load JS shared by all            87.2 kB
  ├ chunks/7156-a3e0355aa01b6d30.js      31.7 kB
  ├ chunks/ceb5afef-446614118a46b1ca.js  53.6 kB
  └ other shared chunks (total)          1.9 kB


○  (Static)   prerendered as static content
ƒ  (Dynamic)  server-rendered on demand

exit_code=0
