  ▲ Next.js 14.2.28
  - Local:        http://localhost:3000
  - Environments: .env
  - Experiments (use with caution):
    · outputFileTracingRoot

 ✓ Starting...
 ✓ Ready in 1472ms
 ○ Compiling / ...
 ✓ Compiled / in 1741ms (549 modules)
 GET / 200 in 2138ms
 ✓ Compiled in 420ms (281 modules)
 GET / 200 in 52ms
 GET / 200 in 39ms
 GET / 200 in 35ms
 ✓ Compiled /pentest-plus in 420ms (555 modules)
 GET / 200 in 68ms
 GET / 200 in 41ms
 ○ Compiling /pentest-pbq/nmap-command ...
 ✓ Compiled /pentest-pbq/nmap-command in 559ms (597 modules)
 GET / 200 in 82ms
 GET / 200 in 41ms
 GET / 200 in 40ms
 GET / 200 in 39ms
 GET / 200 in 38ms
 GET / 200 in 38ms
 GET / 200 in 34ms
 GET / 200 in 35ms
 ✓ Compiled in 611ms (309 modules)
 ✓ Compiled in 398ms (309 modules)
 ✓ Compiled in 291ms (309 modules)
 ✓ Compiled in 325ms (309 modules)
 ✓ Compiled in 278ms (309 modules)
 ✓ Compiled in 331ms (309 modules)
 ✓ Compiled in 262ms (309 modules)
[?25h
