  ▲ Next.js 14.2.28
  - Local:        http://localhost:3000
  - Environments: .env
  - Experiments (use with caution):
    · outputFileTracingRoot

 ✓ Starting...
 ✓ Ready in 1668ms
 ○ Compiling / ...
 ✓ Compiled / in 1789ms (549 modules)
 GET / 200 in 2205ms
 ✓ Compiled in 446ms (281 modules)
 GET / 200 in 49ms
 GET / 200 in 34ms
 GET / 200 in 36ms
 GET / 200 in 48ms
 GET / 200 in 41ms
 GET / 200 in 41ms
 GET / 200 in 38ms
 GET / 200 in 39ms
 GET / 200 in 45ms
 GET / 200 in 39ms
 GET / 200 in 37ms
 GET / 200 in 34ms
 GET / 200 in 41ms
 GET / 200 in 37ms
 GET / 200 in 43ms
 GET / 200 in 38ms
 GET / 200 in 36ms
 GET / 200 in 36ms
 GET / 200 in 39ms
 GET / 200 in 35ms
 ✓ Compiled in 525ms (549 modules)
 ○ Compiling /tool-commander ...
 ✓ Compiled /tool-commander in 627ms (685 modules)
 GET /tool-commander 200 in 764ms
 ✓ Compiled / in 95ms (348 modules)
 GET / 200 in 169ms
[?25h
