  ▲ Next.js 14.2.28
  - Local:        http://localhost:3000
  - Environments: .env
  - Experiments (use with caution):
    · outputFileTracingRoot

 ✓ Starting...
 ✓ Ready in 1435ms
 ○ Compiling / ...
 ✓ Compiled / in 1630ms (549 modules)
 GET / 200 in 2023ms
 ✓ Compiled in 429ms (281 modules)
 ✓ Compiled /pentest-plus in 474ms (541 modules)
 GET /pentest-plus 200 in 581ms
 ✓ Compiled / in 97ms (278 modules)
 GET / 200 in 158ms
 GET / 200 in 29ms
 GET / 200 in 29ms
 GET / 200 in 32ms
 GET / 200 in 32ms
 GET / 200 in 29ms
 GET / 200 in 28ms
 GET / 200 in 45ms
 GET / 200 in 29ms
 GET / 200 in 27ms
 ○ Compiling /security-plus ...
 ✓ Compiled /security-plus in 832ms (677 modules)
 ✓ Compiled /exam in 435ms (722 modules)
 ✓ Compiled /acronym-quiz in 320ms (732 modules)
 GET / 200 in 67ms
 GET / 200 in 29ms
 GET / 200 in 31ms
 GET / 200 in 35ms
 GET / 200 in 27ms
 GET / 200 in 27ms
 GET / 200 in 28ms
 GET / 200 in 27ms
 GET / 200 in 27ms
 GET / 200 in 32ms
 GET / 200 in 26ms
 GET / 200 in 27ms
 GET / 200 in 27ms
 GET / 200 in 24ms
 GET / 200 in 27ms
 GET / 200 in 25ms
 GET / 200 in 28ms
 GET / 200 in 29ms
 GET / 200 in 27ms
 GET / 200 in 28ms
 GET / 200 in 30ms
 GET / 200 in 26ms
 GET / 200 in 27ms
 GET / 200 in 27ms
