  ▲ Next.js 14.2.28
  - Environments: .env
  - Experiments (use with caution):
    · outputFileTracingRoot

   Creating an optimized production build ...
 ✓ Compiled successfully
   Skipping linting
   Checking validity of types ...
   Collecting page data ...
   Generating static pages (0/19) ...
   Generating static pages (4/19) 
   Generating static pages (9/19) 
   Generating static pages (14/19) 
 ✓ Generating static pages (19/19)
   Finalizing page optimization ...
   Collecting build traces ...

Route (app)                              Size     First Load JS
┌ ○ /                                    4.05 kB         108 kB
├ ○ /_not-found                          872 B          88.1 kB
├ ○ /acronym-quiz                        3.01 kB         131 kB
├ ƒ /api/pbq/submit                      0 B                0 B
├ ○ /exam                                7.51 kB         142 kB
├ ○ /linux-plus                          2.72 kB         107 kB
├ ○ /lpi-1                               2.95 kB         107 kB
├ ○ /network-plus                        2.71 kB         107 kB
├ ○ /pbq/certificate-mgmt                4.73 kB         147 kB
├ ○ /pbq/firewall                        4.43 kB         121 kB
├ ○ /pbq/incident-response               4.63 kB         121 kB
├ ○ /pbq/log-analysis                    3.77 kB         131 kB
├ ○ /pbq/threat-analysis                 5.03 kB         155 kB
├ ○ /pbq/vpn-config                      3.93 kB         146 kB
├ ○ /pentest-pbq/nmap-command            6.17 kB         125 kB
├ ○ /pentest-pbq/web-vulns               2.94 kB         148 kB
├ ○ /pentest-plus                        4.36 kB         108 kB
└ ○ /security-plus                       5.72 kB         120 kB
+ First Load JS shared by all            87.2 kB
  ├ chunks/156-19c70f6b87101c8e.js       31.7 kB
  ├ chunks/ceb5afef-a88ae4c1d1f36d80.js  53.6 kB
  └ other shared chunks (total)          1.9 kB


○  (Static)   prerendered as static content
ƒ  (Dynamic)  server-rendered on demand

exit_code=0
