  ▲ Next.js 14.2.28
  - Local:        http://localhost:3000
  - Environments: .env
  - Experiments (use with caution):
    · outputFileTracingRoot

 ✓ Starting...
 ✓ Ready in 1532ms
 ○ Compiling / ...
 ✓ Compiled / in 1652ms (556 modules)
 GET / 200 in 1885ms
 ✓ Compiled in 419ms (284 modules)
 GET / 200 in 51ms
 ○ Compiling /pentest-plus ...
 ✓ Compiled /pentest-plus in 806ms (692 modules)
 GET /pentest-plus 200 in 950ms
 GET /security-plus 200 in 958ms
 ○ Compiling /exam ...
 ✓ Compiled /exam in 1965ms (962 modules)
 GET /pentest-pbq/nmap-command 200 in 2755ms
 GET /pentest-pbq/python-script 200 in 2765ms
 GET /pentest-pbq/web-vulns 200 in 2772ms
 GET /pentest-pbq/dns-recon 200 in 2772ms
 GET /pentest-pbq/cloud-s3 200 in 2773ms
 GET /pentest-pbq/robots-txt 200 in 2774ms
 GET /pbq/firewall 200 in 2772ms
 GET /pentest-pbq/wireless 200 in 2774ms
 GET /acronym-quiz 200 in 2753ms
 GET /pbq/vpn-config 200 in 2773ms
 GET /pbq/threat-analysis 200 in 2753ms
 GET /pentest-pbq/dom-xss 200 in 2763ms
 GET /pentest-exam 200 in 2773ms
 GET /pbq/certificate-mgmt 200 in 2773ms
 GET /pbq/incident-response 200 in 2774ms
 GET /pbq/log-analysis 200 in 2784ms
 GET /exam 200 in 2783ms
 GET /pentest-pbq/container-escape 200 in 2768ms
 GET /pentest-pbq/certificate 200 in 2820ms
 ✓ Compiled in 1346ms (974 modules)
[?25h
