  ▲ Next.js 14.2.28
  - Local:        http://localhost:3000
  - Environments: .env
  - Experiments (use with caution):
    · outputFileTracingRoot

 ✓ Starting...
 ✓ Ready in 1440ms
 ○ Compiling / ...
 ✓ Compiled / in 1715ms (556 modules)
 GET / 200 in 2131ms
 ✓ Compiled in 434ms (284 modules)
 GET / 200 in 65ms
 GET / 200 in 51ms
 GET / 200 in 45ms
 GET / 200 in 41ms
 GET / 200 in 35ms
 GET / 200 in 76ms
 GET / 200 in 38ms
 GET / 200 in 36ms
 GET / 200 in 34ms
 GET / 200 in 35ms
 GET / 200 in 35ms
 GET / 200 in 35ms
 GET / 200 in 37ms
 GET / 200 in 31ms
 GET / 200 in 37ms
 GET / 200 in 35ms
 ✓ Compiled /pentest-plus in 401ms (562 modules)
 GET / 200 in 81ms
 ○ Compiling /security-plus ...
 ✓ Compiled /security-plus in 557ms (692 modules)
 ✓ Compiled /acronym-quiz in 494ms (734 modules)
 GET / 200 in 92ms
 GET / 200 in 53ms
 GET / 200 in 37ms
 GET / 200 in 35ms
 ○ Compiling /tool-commander ...
 ✓ Compiled /tool-commander in 552ms (735 modules)
 GET /tool-commander 200 in 685ms
[?25h
