  ▲ Next.js 14.2.28
  - Local:        http://localhost:3000
  - Environments: .env
  - Experiments (use with caution):
    · outputFileTracingRoot

 ✓ Starting...
 ✓ Ready in 1383ms
 ○ Compiling / ...
 ✓ Compiled / in 1585ms (549 modules)
 GET / 200 in 1987ms
 ✓ Compiled in 426ms (281 modules)
 GET / 200 in 46ms
 GET / 200 in 35ms
 GET / 200 in 33ms
 GET / 200 in 37ms
 GET / 200 in 35ms
 GET / 200 in 38ms
 ✓ Compiled in 384ms (281 modules)
 ✓ Compiled in 353ms (281 modules)
 ✓ Compiled in 296ms (281 modules)
 ✓ Compiled / in 486ms (544 modules)
 GET / 200 in 593ms
 GET / 200 in 56ms
 GET / 200 in 38ms
 GET / 200 in 36ms
 ✓ Compiled /pentest-plus in 440ms (562 modules)
 GET /pentest-plus 200 in 548ms
[?25h
