➤ YN0000: · Yarn 4.12.0
➤ YN0000: ┌ Resolution step
➤ YN0000: └ Completed
➤ YN0000: ┌ Post-resolution validation
➤ YN0060: │ @typescript-eslint/parser is listed by your project with version 7.0.0 (p6cb6c0), which doesn't satisfy what @typescript-eslint/eslint-plugin requests (^6.0.0-alpha).
➤ YN0060: │ eslint is listed by your project with version 9.24.0 (pe6e000), which doesn't satisfy what @typescript-eslint/eslint-plugin and other dependencies request (^8.57.0).
➤ YN0002: │ app@workspace:. doesn't provide prettier (pd88b5f), requested by eslint-plugin-prettier.
➤ YN0086: │ Some peer dependencies are incorrectly met by your project; run yarn explain peer-requirements <hash> for details, where <hash> is the six-letter p-prefixed code.
➤ YN0086: │ Some peer dependencies are incorrectly met by dependencies; run yarn explain peer-requirements for details.
➤ YN0000: └ Completed
➤ YN0000: ┌ Fetch step
➤ YN0000: └ Completed in 0s 943ms
➤ YN0000: ┌ Link step
➤ YN0000: └ Completed in 0s 243ms
➤ YN0000: · Done with warnings in 1s 495ms
Environment variables loaded from .env
Prisma schema loaded from prisma/schema.prisma

✔ Generated Prisma Client (v6.7.0) to ./node_modules/.prisma/client in 110ms

Start by importing your Prisma Client (See: https://pris.ly/d/importing-client)

Tip: Want to turn off tips and other hints? https://pris.ly/tip-4-nohints

Starting server...
  ▲ Next.js 14.2.28
  - Local:        http://localhost:3000
  - Environments: .env
  - Experiments (use with caution):
    · outputFileTracingRoot

 ✓ Starting...
 ✓ Ready in 1500ms
 ○ Compiling / ...
 ✓ Compiled / in 1863ms (556 modules)
 GET / 200 in 2041ms
 ✓ Compiled in 423ms (284 modules)
 GET / 200 in 49ms
 GET / 200 in 32ms
 GET / 200 in 35ms
 GET / 200 in 36ms
 ✓ Compiled /pentest-plus in 340ms (562 modules)
 ○ Compiling /pentest-exam ...
 ✓ Compiled /pentest-exam in 535ms (620 modules)
 GET / 200 in 78ms
 ✓ Compiled /pentest-pbq/dns-recon in 328ms (628 modules)
 GET / 200 in 61ms
 GET / 200 in 35ms
 ○ Compiling /pentest-pbq/nmap-command ...
 ✓ Compiled /pentest-pbq/nmap-command in 618ms (646 modules)
 ○ Compiling /pentest-pbq/web-vulns ...
 ✓ Compiled /pentest-pbq/web-vulns in 920ms (770 modules)
 ✓ Compiled /pentest-pbq/certificate in 382ms (784 modules)
 GET / 200 in 74ms
 ✓ Compiled /pentest-pbq/python-script in 300ms (779 modules)
 GET / 200 in 61ms
 ✓ Compiled /pentest-pbq/robots-txt in 284ms (777 modules)
 ✓ Compiled /pentest-pbq/wireless in 458ms (717 modules)
 ✓ Compiled /pentest-pbq/cloud-s3 in 347ms (701 modules)
 GET / 200 in 85ms
 ✓ Compiled /pentest-pbq/container-escape in 281ms (707 modules)
 ✓ Compiled /pentest-pbq/dom-xss in 346ms (713 modules)
 GET / 200 in 60ms
 GET / 200 in 37ms
 GET / 200 in 41ms
 GET / 200 in 35ms
 GET / 200 in 41ms
 GET / 200 in 37ms
[?25h
