  ▲ Next.js 14.2.28
  - Local:        http://localhost:3000
  - Environments: .env
  - Experiments (use with caution):
    · outputFileTracingRoot

 ✓ Starting...
 ✓ Ready in 1579ms
 ○ Compiling / ...
 ✓ Compiled / in 1649ms (556 modules)
 GET / 200 in 2047ms
 ✓ Compiled in 426ms (284 modules)
 GET / 200 in 45ms
 GET / 200 in 39ms
 GET / 200 in 37ms
 GET / 200 in 37ms
 GET / 200 in 34ms
 GET / 200 in 35ms
 ✓ Compiled in 361ms (284 modules)
 ✓ Compiled in 325ms (284 modules)
 ○ Compiling /security-plus ...
 ✓ Compiled /security-plus in 715ms (667 modules)
 GET /security-plus 200 in 855ms
 ✓ Compiled /pentest-plus in 406ms (681 modules)
 GET /pentest-plus 200 in 492ms
[?25h
