  ▲ Next.js 14.2.28
  - Local:        http://localhost:3000
  - Environments: .env
  - Experiments (use with caution):
    · outputFileTracingRoot

 ✓ Starting...
 ✓ Ready in 1502ms
 ○ Compiling / ...
 ✓ Compiled / in 1782ms (549 modules)
 GET / 200 in 2018ms
 ✓ Compiled in 440ms (281 modules)
 GET / 200 in 57ms
 ○ Compiling /pentest-plus ...
 ✓ Compiled /pentest-plus in 1256ms (685 modules)
 GET /pentest-plus 200 in 1413ms
 GET /security-plus 200 in 1426ms
 ○ Compiling /pentest-pbq/nmap-command ...
 ✓ Compiled /pentest-pbq/nmap-command in 1572ms (893 modules)
 GET /pentest-exam 200 in 2006ms
 GET /pentest-pbq/certificate 200 in 2014ms
 GET /pbq/incident-response 200 in 2015ms
 GET /pbq/firewall 200 in 2013ms
 GET /pbq/certificate-mgmt 200 in 2014ms
 GET /pbq/vpn-config 200 in 2015ms
 GET /exam 200 in 1988ms
 GET /pbq/threat-analysis 200 in 2011ms
 GET /pentest-pbq/web-vulns 200 in 2016ms
 GET /acronym-quiz 200 in 2013ms
 GET /pentest-pbq/nmap-command 200 in 1989ms
 GET /pbq/log-analysis 200 in 2024ms
[?25h
