  ▲ Next.js 14.2.28
  - Local:        http://localhost:3000
  - Environments: .env
  - Experiments (use with caution):
    · outputFileTracingRoot

 ✓ Starting...
 ✓ Ready in 1583ms
 ○ Compiling / ...
 ✓ Compiled / in 1650ms (549 modules)
 GET / 200 in 2050ms
 ✓ Compiled in 422ms (281 modules)
 GET / 200 in 50ms
 GET / 200 in 41ms
 GET / 200 in 36ms
 GET / 200 in 42ms
 ✓ Compiled /pentest-plus in 365ms (555 modules)
 GET / 200 in 100ms
 ○ Compiling /pentest-exam ...
 ✓ Compiled /pentest-exam in 668ms (613 modules)
 GET / 200 in 84ms
 GET / 200 in 44ms
 GET / 200 in 44ms
 GET / 200 in 39ms
 GET / 200 in 38ms
 GET / 200 in 39ms
 GET / 200 in 41ms
 GET / 200 in 42ms
 GET / 200 in 37ms
 GET / 200 in 38ms
[?25h
