➤ YN0000: · Yarn 4.12.0
➤ YN0000: ┌ Resolution step
➤ YN0085: │ + @radix-ui/react-slot@npm:1.2.4
➤ YN0000: └ Completed in 0s 266ms
➤ YN0000: ┌ Post-resolution validation
➤ YN0060: │ @typescript-eslint/parser is listed by your project with version 7.0.0 (p6cb6c0), which doesn't satisfy what @typescript-eslint/eslint-plugin requests (^6.0.0-alpha).
➤ YN0060: │ eslint is listed by your project with version 9.24.0 (pe6e000), which doesn't satisfy what @typescript-eslint/eslint-plugin and other dependencies request (^8.57.0).
➤ YN0002: │ app@workspace:. doesn't provide prettier (pd88b5f), requested by eslint-plugin-prettier.
➤ YN0086: │ Some peer dependencies are incorrectly met by your project; run yarn explain peer-requirements <hash> for details, where <hash> is the six-letter p-prefixed code.
➤ YN0086: │ Some peer dependencies are incorrectly met by dependencies; run yarn explain peer-requirements for details.
➤ YN0000: └ Completed
➤ YN0000: ┌ Fetch step
➤ YN0013: │ A package was added to the project (+ 38.11 KiB).
➤ YN0000: └ Completed in 1s 12ms
➤ YN0000: ┌ Link step
➤ YN0000: └ Completed in 0s 331ms
➤ YN0000: · Done with warnings in 1s 671ms
Environment variables loaded from .env
Prisma schema loaded from prisma/schema.prisma

✔ Generated Prisma Client (v6.7.0) to ./node_modules/.prisma/client in 76ms

Start by importing your Prisma Client (See: https://pris.ly/d/importing-client)

Tip: Want real-time updates to your database without manual polling? Discover how with Pulse: https://pris.ly/tip-0-pulse

Starting server...
  ▲ Next.js 14.2.28
  - Local:        http://localhost:3000
  - Environments: .env
  - Experiments (use with caution):
    · outputFileTracingRoot

 ✓ Starting...
 ✓ Ready in 1669ms
 ○ Compiling / ...
 ✓ Compiled / in 1741ms (549 modules)
 GET / 200 in 2228ms
 ✓ Compiled in 453ms (281 modules)
 ✓ Compiled in 258ms (281 modules)
 ✓ Compiled /pentest-plus in 474ms (555 modules)
 ✓ Compiled in 684ms (567 modules)
 ✓ Compiled in 666ms (289 modules)
 ✓ Compiled in 499ms (289 modules)
 ✓ Compiled in 385ms (289 modules)
 ✓ Compiled in 490ms (289 modules)
 ✓ Compiled in 274ms (289 modules)
 ✓ Compiled in 382ms (289 modules)
 ✓ Compiled in 287ms (289 modules)
 ✓ Compiled in 294ms (289 modules)
 ✓ Compiled in 309ms (289 modules)
 ✓ Compiled in 254ms (289 modules)
[?25h
