  ▲ Next.js 14.2.28
  - Local:        http://localhost:3000
  - Environments: .env
  - Experiments (use with caution):
    · outputFileTracingRoot

 ✓ Starting...
 ✓ Ready in 1498ms
 ○ Compiling / ...
 ✓ Compiled / in 1567ms (549 modules)
 GET / 200 in 1965ms
 GET / 200 in 456ms
 ✓ Compiled in 424ms (281 modules)
 GET / 200 in 41ms
 GET / 200 in 32ms
 GET / 200 in 33ms
 GET / 200 in 38ms
 GET / 200 in 36ms
 GET / 200 in 33ms
 ✓ Compiled /pentest-plus in 490ms (555 modules)
 GET / 200 in 80ms
 GET /pentest-plus 200 in 45ms
 GET / 200 in 38ms
 GET / 200 in 36ms
 GET / 200 in 40ms
 GET / 200 in 34ms
 GET / 200 in 32ms
 GET / 200 in 35ms
 GET / 200 in 34ms
 GET / 200 in 33ms
 GET / 200 in 30ms
 GET / 200 in 38ms
 GET / 200 in 33ms
 ✓ Compiled in 372ms (289 modules)
 ✓ Compiled in 473ms (277 modules)
 ✓ Compiled in 289ms (289 modules)
 ✓ Compiled in 506ms (277 modules)
 ✓ Compiled in 354ms (289 modules)
 ✓ Compiled in 309ms (289 modules)
 ✓ Compiled in 308ms (289 modules)
 ✓ Compiled in 356ms (289 modules)
[?25h
