  ▲ Next.js 14.2.28
  - Local:        http://localhost:3000
  - Environments: .env
  - Experiments (use with caution):
    · outputFileTracingRoot

 ✓ Starting...
 ✓ Ready in 1407ms
 ○ Compiling / ...
 ✓ Compiled / in 2.8s (680 modules)
 GET / 200 in 3170ms
 ✓ Compiled in 438ms (343 modules)
 GET / 200 in 50ms
 GET / 200 in 33ms
 GET / 200 in 48ms
 GET / 200 in 41ms
 GET / 200 in 35ms
 GET / 200 in 37ms
 GET / 200 in 33ms
 GET / 200 in 38ms
 GET / 200 in 34ms
 GET / 200 in 30ms
 GET / 200 in 35ms
 GET / 200 in 33ms
 GET / 200 in 28ms
 GET / 200 in 33ms
 GET / 200 in 33ms
 GET / 200 in 35ms
 GET / 200 in 33ms
 GET / 200 in 36ms
 GET / 200 in 31ms
 GET / 200 in 36ms
 GET / 200 in 35ms
 GET / 200 in 34ms
 GET / 200 in 31ms
 GET / 200 in 29ms
 GET / 200 in 30ms
 GET / 200 in 38ms
 GET / 200 in 46ms
 GET / 200 in 34ms
