  ▲ Next.js 14.2.28
  - Local:        http://localhost:3000
  - Environments: .env
  - Experiments (use with caution):
    · outputFileTracingRoot

 ✓ Starting...
 ✓ Ready in 1687ms
 ○ Compiling / ...
 ✓ Compiled / in 1454ms (556 modules)
 GET / 200 in 1835ms
 ✓ Compiled in 405ms (284 modules)
 GET / 200 in 53ms
 ○ Compiling /pentest-plus ...
 ✓ Compiled /pentest-plus in 790ms (692 modules)
 GET /pentest-plus 200 in 936ms
 GET /security-plus 200 in 944ms
 ○ Compiling /pentest-pbq/dns-recon ...
 ✓ Compiled /pentest-pbq/dns-recon in 1980ms (962 modules)
 GET /pbq/certificate-mgmt 200 in 2563ms
 GET /pentest-pbq/robots-txt 200 in 2559ms
 GET /pbq/log-analysis 200 in 2564ms
 GET /pentest-pbq/web-vulns 200 in 2559ms
 GET /pbq/threat-analysis 200 in 2564ms
 GET /pentest-pbq/cloud-s3 200 in 2560ms
 GET /pentest-pbq/certificate 200 in 2556ms
 GET /acronym-quiz 200 in 2511ms
 GET /pentest-pbq/container-escape 200 in 2571ms
 GET /pentest-exam 200 in 2507ms
 GET /pbq/incident-response 200 in 2497ms
 GET /pentest-pbq/dom-xss 200 in 2499ms
 GET /exam 200 in 2491ms
 GET /pbq/firewall 200 in 2503ms
 GET /pentest-pbq/nmap-command 200 in 2502ms
 GET /pentest-pbq/wireless 200 in 2527ms
 GET /pentest-pbq/dns-recon 200 in 2536ms
 GET /pentest-pbq/python-script 200 in 2525ms
 GET /pbq/vpn-config 200 in 2780ms
[?25h
