  ▲ Next.js 14.2.28
  - Local:        http://localhost:3000
  - Environments: .env
  - Experiments (use with caution):
    · outputFileTracingRoot

 ✓ Starting...
 ✓ Ready in 1369ms
 ○ Compiling / ...
 ✓ Compiled / in 1890ms (556 modules)
 GET / 200 in 2128ms
 ✓ Compiled in 429ms (284 modules)
 GET / 200 in 39ms
 ○ Compiling /pentest-plus ...
 ✓ Compiled /pentest-plus in 948ms (692 modules)
 GET /pentest-plus 200 in 1110ms
 GET /security-plus 200 in 1118ms
 ○ Compiling /pentest-pbq/container-escape ...
 ✓ Compiled /pentest-pbq/container-escape in 1606ms (946 modules)
 GET /pbq/firewall 200 in 2132ms
 GET /pbq/threat-analysis 200 in 2135ms
 GET /exam 200 in 2133ms
 GET /pentest-pbq/dns-recon 200 in 2131ms
 GET /pentest-exam 200 in 2136ms
 GET /pbq/incident-response 200 in 2132ms
 GET /pentest-pbq/python-script 200 in 2135ms
 GET /pentest-pbq/web-vulns 200 in 2133ms
 GET /pentest-pbq/wireless 200 in 2113ms
 GET /acronym-quiz 200 in 2132ms
 GET /pentest-pbq/dom-xss 200 in 2111ms
 GET /pentest-pbq/certificate 200 in 2111ms
 GET /pentest-pbq/nmap-command 200 in 2120ms
 GET /pentest-pbq/robots-txt 200 in 2112ms
 GET /pbq/certificate-mgmt 200 in 2120ms
 GET /pbq/log-analysis 200 in 2058ms
 GET /pentest-pbq/container-escape 200 in 1983ms
 GET /pentest-pbq/cloud-s3 200 in 2104ms
 GET /pbq/vpn-config 200 in 2151ms
[?25h
