  ▲ Next.js 14.2.28
  - Local:        http://localhost:3000
  - Environments: .env
  - Experiments (use with caution):
    · outputFileTracingRoot

 ✓ Starting...
 ✓ Ready in 1642ms
 ○ Compiling / ...
 ✓ Compiled / in 2.1s (560 modules)
 GET / 200 in 2492ms
 ✓ Compiled in 381ms (283 modules)
 GET / 200 in 38ms
 ✓ Compiled /pentest-plus in 339ms (557 modules)
 GET / 200 in 59ms
 GET / 200 in 31ms
 GET / 200 in 33ms
 GET / 200 in 29ms
 GET / 200 in 29ms
 GET / 200 in 26ms
 GET / 200 in 30ms
 GET / 200 in 28ms
 GET / 200 in 27ms
 GET / 200 in 30ms
 GET / 200 in 25ms
 GET / 200 in 25ms
 GET / 200 in 23ms
 GET / 200 in 25ms
 GET / 200 in 26ms
 GET / 200 in 27ms
 GET / 200 in 32ms
 GET / 200 in 27ms
 ○ Compiling /security-plus ...
 ✓ Compiled /security-plus in 629ms (680 modules)
 ○ Compiling /pbq/threat-analysis ...
 ✓ Compiled /pbq/threat-analysis in 590ms (742 modules)
 ✓ Compiled /pbq/log-analysis in 339ms (766 modules)
 ✓ Compiled /pbq/vpn-config in 470ms (774 modules)
 ✓ Compiled /pentest-plus in 209ms (394 modules)
 ✓ Compiled in 660ms (397 modules)
 ✓ Compiled in 299ms (397 modules)
 ✓ Compiled in 479ms (397 modules)
 ✓ Compiled in 677ms (397 modules)
 ✓ Compiled in 270ms (397 modules)
 ✓ Compiled in 316ms (397 modules)
 ✓ Compiled / in 253ms (268 modules)
 GET / 200 in 362ms
 GET / 200 in 29ms
 GET / 200 in 27ms
 ✓ Compiled /pentest-plus in 150ms (278 modules)
 ✓ Compiled in 343ms (397 modules)
 GET /pentest-plus 200 in 46ms
 GET /pentest-plus 200 in 30ms
 GET /pentest-plus 200 in 30ms
[?25h
