  ▲ Next.js 14.2.28
  - Local:        http://localhost:3000
  - Environments: .env
  - Experiments (use with caution):
    · outputFileTracingRoot

 ✓ Starting...
 ✓ Ready in 1602ms
 ○ Compiling / ...
 ✓ Compiled / in 1675ms (556 modules)
 GET / 200 in 2062ms
 ✓ Compiled in 428ms (284 modules)
 GET / 200 in 54ms
 GET / 200 in 39ms
 GET / 200 in 35ms
 GET / 200 in 37ms
 GET / 200 in 36ms
 GET / 200 in 35ms
 GET / 200 in 40ms
 GET / 200 in 39ms
 ✓ Compiled /pentest-plus in 377ms (562 modules)
 GET / 200 in 76ms
 GET / 200 in 33ms
 ✓ Compiled in 375ms (292 modules)
[?25h
