  ▲ Next.js 14.2.28
  - Local:        http://localhost:3000
  - Environments: .env
  - Experiments (use with caution):
    · outputFileTracingRoot

 ✓ Starting...
 ✓ Ready in 1487ms
 ○ Compiling / ...
 ✓ Compiled / in 1687ms (549 modules)
 GET / 200 in 1925ms
 ✓ Compiled in 402ms (281 modules)
 GET / 200 in 55ms
 ○ Compiling /pentest-plus ...
 ✓ Compiled /pentest-plus in 1077ms (685 modules)
 GET /pentest-plus 200 in 1224ms
 GET /security-plus 200 in 1243ms
 ○ Compiling /pbq/threat-analysis ...
 ✓ Compiled /pbq/threat-analysis in 1951ms (939 modules)
 GET /pentest-exam 200 in 2692ms
 GET /exam 200 in 2688ms
 GET /acronym-quiz 200 in 2676ms
 GET /pentest-pbq/cloud-s3 200 in 2711ms
 GET /pentest-pbq/web-vulns 200 in 2712ms
 GET /pentest-pbq/python-script 200 in 2719ms
 GET /pentest-pbq/robots-txt 200 in 2714ms
 GET /pentest-pbq/dom-xss 200 in 2715ms
 GET /pentest-pbq/certificate 200 in 2730ms
 GET /pentest-pbq/nmap-command 200 in 2709ms
 GET /pentest-pbq/wireless 200 in 2731ms
 GET /pbq/firewall 200 in 2709ms
 GET /pentest-pbq/container-escape 200 in 2707ms
 GET /pentest-pbq/dns-recon 200 in 2713ms
 GET /pbq/vpn-config 200 in 2713ms
 GET /pbq/log-analysis 200 in 2712ms
 GET /pbq/threat-analysis 200 in 2726ms
 GET /pbq/incident-response 200 in 2754ms
 GET /pbq/certificate-mgmt 200 in 2795ms
[?25h
