➤ YN0000: · Yarn 4.12.0
➤ YN0000: ┌ Resolution step
➤ YN0085: │ + @radix-ui/react-slot@npm:1.2.4
➤ YN0000: └ Completed in 0s 256ms
➤ YN0000: ┌ Post-resolution validation
➤ YN0060: │ @typescript-eslint/parser is listed by your project with version 7.0.0 (p6cb6c0), which doesn't satisfy what @typescript-eslint/eslint-plugin requests (^6.0.0-alpha).
➤ YN0060: │ eslint is listed by your project with version 9.24.0 (pe6e000), which doesn't satisfy what @typescript-eslint/eslint-plugin and other dependencies request (^8.57.0).
➤ YN0002: │ app@workspace:. doesn't provide prettier (pd88b5f), requested by eslint-plugin-prettier.
➤ YN0086: │ Some peer dependencies are incorrectly met by your project; run yarn explain peer-requirements <hash> for details, where <hash> is the six-letter p-prefixed code.
➤ YN0086: │ Some peer dependencies are incorrectly met by dependencies; run yarn explain peer-requirements for details.
➤ YN0000: └ Completed
➤ YN0000: ┌ Fetch step
➤ YN0013: │ A package was added to the project (+ 38.11 KiB).
➤ YN0000: └ Completed in 0s 946ms
➤ YN0000: ┌ Link step
➤ YN0007: │ esbuild@npm:0.27.2 must be built because it never has been before or the last one failed
➤ YN0008: │ prisma@npm:6.7.0 [0460f] must be rebuilt because its dependency tree changed
➤ YN0008: │ @prisma/client@npm:6.7.0 [0460f] must be rebuilt because its dependency tree changed
➤ YN0000: └ Completed in 2s 819ms
➤ YN0000: · Done with warnings in 4s 177ms
Environment variables loaded from .env
Prisma schema loaded from prisma/schema.prisma

✔ Generated Prisma Client (v6.7.0) to ./node_modules/.prisma/client in 77ms

Start by importing your Prisma Client (See: https://pris.ly/d/importing-client)

Tip: Curious about the SQL queries Prisma ORM generates? Optimize helps you enhance your visibility: https://pris.ly/tip-2-optimize

Starting server...
  ▲ Next.js 14.2.28
  - Local:        http://localhost:3000
  - Environments: .env
  - Experiments (use with caution):
    · outputFileTracingRoot

 ✓ Starting...
 ✓ Ready in 1710ms
 ○ Compiling / ...
 ✓ Compiled / in 3.2s (680 modules)
 HEAD / 200 in 3471ms
 ✓ Compiled in 426ms (343 modules)
 GET / 200 in 52ms
[?25h
