  ▲ Next.js 14.2.28
  - Local:        http://localhost:3000
  - Environments: .env
  - Experiments (use with caution):
    · outputFileTracingRoot

 ✓ Starting...
 ✓ Ready in 1678ms
 ○ Compiling / ...
 ✓ Compiled / in 1811ms (556 modules)
 GET / 200 in 2087ms
 ✓ Compiled in 462ms (284 modules)
 GET / 200 in 48ms
 ○ Compiling /pentest-plus ...
 ✓ Compiled /pentest-plus in 760ms (692 modules)
 GET /security-plus 200 in 916ms
 GET /pentest-plus 200 in 909ms
 ○ Compiling /pbq/firewall ...
 ✓ Compiled /pbq/firewall in 1817ms (962 modules)
 GET /pentest-exam 200 in 2407ms
 GET /pbq/certificate-mgmt 200 in 2408ms
 GET /pentest-pbq/nmap-command 200 in 2409ms
 GET /pentest-pbq/python-script 200 in 2408ms
 GET /pbq/threat-analysis 200 in 2409ms
 GET /pentest-pbq/robots-txt 200 in 2409ms
 GET /pentest-pbq/certificate 200 in 2409ms
 GET /pentest-pbq/dns-recon 200 in 2413ms
 GET /pentest-pbq/cloud-s3 200 in 2410ms
 GET /pentest-pbq/container-escape 200 in 2411ms
 GET /pentest-pbq/wireless 200 in 2411ms
 GET /exam 200 in 2405ms
 GET /acronym-quiz 200 in 2406ms
 GET /pbq/log-analysis 200 in 2407ms
 GET /pbq/vpn-config 200 in 2409ms
 GET /pbq/incident-response 200 in 2406ms
 GET /pbq/firewall 200 in 2413ms
 GET /pentest-pbq/dom-xss 200 in 2419ms
 GET /pentest-pbq/web-vulns 200 in 2433ms
 ✓ Compiled in 847ms (974 modules)
 ✓ Compiled in 1149ms (974 modules)
[?25h
