  ▲ Next.js 14.2.28
  - Local:        http://localhost:3000
  - Environments: .env
  - Experiments (use with caution):
    · outputFileTracingRoot

 ✓ Starting...
 ✓ Ready in 1482ms
 ○ Compiling / ...
 ✓ Compiled / in 1778ms (549 modules)
 GET / 200 in 2015ms
 ✓ Compiled in 415ms (281 modules)
 GET / 200 in 51ms
 ○ Compiling /pentest-plus ...
 ✓ Compiled /pentest-plus in 1060ms (685 modules)
 GET /security-plus 200 in 1216ms
 GET /pentest-plus 200 in 1210ms
 ○ Compiling /pentest-pbq/nmap-command ...
 ✓ Compiled /pentest-pbq/nmap-command in 1785ms (871 modules)
 GET /acronym-quiz 200 in 2193ms
 GET /pbq/firewall 200 in 2191ms
 GET /pbq/certificate-mgmt 200 in 2182ms
 GET /pbq/vpn-config 200 in 2169ms
 GET /pbq/incident-response 200 in 2193ms
 GET /pbq/log-analysis 200 in 2176ms
 GET /exam 200 in 2199ms
 GET /pbq/threat-analysis 200 in 2184ms
 GET /pentest-pbq/nmap-command 200 in 2169ms
 GET /pentest-pbq/web-vulns 200 in 2170ms
[?25h
