  ▲ Next.js 14.2.28
  - Local:        http://localhost:3000
  - Environments: .env
  - Experiments (use with caution):
    · outputFileTracingRoot

 ✓ Starting...
 ✓ Ready in 1477ms
 ○ Compiling / ...
 ✓ Compiled / in 1742ms (549 modules)
 GET / 200 in 1977ms
 ✓ Compiled in 415ms (281 modules)
 GET / 200 in 50ms
 ○ Compiling /pentest-plus ...
 ✓ Compiled /pentest-plus in 1008ms (685 modules)
 GET /pentest-plus 200 in 1155ms
 GET /security-plus 200 in 1162ms
 ○ Compiling /exam ...
 ✓ Compiled /exam in 1359ms (871 modules)
 GET /acronym-quiz 200 in 1736ms
 GET /pbq/log-analysis 200 in 1737ms
 GET /exam 200 in 1710ms
 GET /pbq/firewall 200 in 1737ms
 GET /pbq/certificate-mgmt 200 in 1737ms
 GET /pentest-pbq/web-vulns 200 in 1731ms
 GET /pbq/threat-analysis 200 in 1738ms
 GET /pentest-pbq/nmap-command 200 in 1731ms
 GET /pbq/vpn-config 200 in 1733ms
 GET /pbq/incident-response 200 in 1743ms
[?25h
