  ▲ Next.js 14.2.28
  - Local:        http://localhost:3000
  - Environments: .env
  - Experiments (use with caution):
    · outputFileTracingRoot

 ✓ Starting...
 ✓ Ready in 1200ms
 ○ Compiling / ...
 ✓ Compiled / in 2.2s (560 modules)
 GET / 200 in 2411ms
 ✓ Compiled in 368ms (283 modules)
 GET / 200 in 41ms
 ○ Compiling /pentest-plus ...
 ✓ Compiled /pentest-plus in 933ms (687 modules)
 GET /security-plus 200 in 1040ms
 GET /pentest-plus 200 in 1035ms
 ○ Compiling /pbq/threat-analysis ...
 ✓ Compiled /pbq/threat-analysis in 1364ms (847 modules)
 GET /exam 200 in 1661ms
 GET /pbq/vpn-config 200 in 1662ms
 GET /pbq/incident-response 200 in 1664ms
 GET /pbq/firewall 200 in 1665ms
 GET /acronym-quiz 200 in 1666ms
 GET /pbq/certificate-mgmt 200 in 1662ms
 GET /pbq/log-analysis 200 in 1661ms
 GET /pbq/threat-analysis 200 in 1662ms
 GET / 200 in 43ms
 GET / 200 in 30ms
 GET / 200 in 30ms
 GET / 200 in 30ms
 ✓ Compiled in 569ms (859 modules)
[?25h
