➤ YN0000: · Yarn 4.12.0
➤ YN0000: ┌ Resolution step
➤ YN0085: │ + @radix-ui/react-slot@npm:1.2.4
➤ YN0000: └ Completed in 0s 244ms
➤ YN0000: ┌ Post-resolution validation
➤ YN0060: │ @typescript-eslint/parser is listed by your project with version 7.0.0 (p6cb6c0), which doesn't satisfy what @typescript-eslint/eslint-plugin requests (^6.0.0-alpha).
➤ YN0060: │ eslint is listed by your project with version 9.24.0 (pe6e000), which doesn't satisfy what @typescript-eslint/eslint-plugin and other dependencies request (^8.57.0).
➤ YN0002: │ app@workspace:. doesn't provide prettier (pd88b5f), requested by eslint-plugin-prettier.
➤ YN0086: │ Some peer dependencies are incorrectly met by your project; run yarn explain peer-requirements <hash> for details, where <hash> is the six-letter p-prefixed code.
➤ YN0086: │ Some peer dependencies are incorrectly met by dependencies; run yarn explain peer-requirements for details.
➤ YN0000: └ Completed
➤ YN0000: ┌ Fetch step
➤ YN0013: │ A package was added to the project (+ 38.11 KiB).
➤ YN0000: └ Completed in 0s 915ms
➤ YN0000: ┌ Link step
➤ YN0000: └ Completed in 0s 296ms
➤ YN0000: · Done with warnings in 1s 514ms
Environment variables loaded from .env
Prisma schema loaded from prisma/schema.prisma

✔ Generated Prisma Client (v6.7.0) to ./node_modules/.prisma/client in 78ms

Start by importing your Prisma Client (See: https://pris.ly/d/importing-client)

Tip: Curious about the SQL queries Prisma ORM generates? Optimize helps you enhance your visibility: https://pris.ly/tip-2-optimize

Starting server...
  ▲ Next.js 14.2.28
  - Local:        http://localhost:3000
  - Environments: .env
  - Experiments (use with caution):
    · outputFileTracingRoot

 ✓ Starting...
 ✓ Ready in 1466ms
 ○ Compiling / ...
 ✓ Compiled / in 1736ms (556 modules)
 HEAD / 200 in 2109ms
 ✓ Compiled in 426ms (284 modules)
 GET / 200 in 52ms
 GET / 200 in 49ms
 ○ Compiling /pentest-plus ...
 ✓ Compiled /pentest-plus in 575ms (562 modules)
 GET /pentest-plus 200 in 80ms
 GET / 200 in 46ms
 GET / 200 in 40ms
 GET / 200 in 45ms
 GET / 200 in 41ms
 GET / 200 in 38ms
 ○ Compiling /tool-commander ...
 ✓ Compiled /tool-commander in 876ms (718 modules)
 GET /tool-commander 200 in 1051ms
 GET /tool-commander 200 in 60ms
 ✓ Compiled in 964ms (711 modules)
[?25h
