  ▲ Next.js 14.2.28
  - Local:        http://localhost:3000
  - Environments: .env
  - Experiments (use with caution):
    · outputFileTracingRoot

 ✓ Starting...
 ✓ Ready in 1270ms
 ○ Compiling / ...
 ✓ Compiled / in 1751ms (556 modules)
 GET / 200 in 2122ms
 ✓ Compiled in 417ms (284 modules)
 GET / 200 in 50ms
 ○ Compiling /pentest-plus ...
 ✓ Compiled /pentest-plus in 836ms (692 modules)
 GET /pentest-plus 200 in 985ms
 GET /security-plus 200 in 994ms
 ○ Compiling /pentest-pbq/container-escape ...
 ✓ Compiled /pentest-pbq/container-escape in 1898ms (962 modules)
 GET /pentest-exam 200 in 2716ms
 GET /pbq/threat-analysis 200 in 2717ms
 GET /pentest-pbq/certificate 200 in 2714ms
 GET /pentest-pbq/dns-recon 200 in 2716ms
 GET /pbq/firewall 200 in 2711ms
 GET /pentest-pbq/web-vulns 200 in 2718ms
 GET /pentest-pbq/python-script 200 in 2714ms
 GET /exam 200 in 2695ms
 GET /pentest-pbq/wireless 200 in 2715ms
 GET /pentest-pbq/nmap-command 200 in 2697ms
 GET /pentest-pbq/dom-xss 200 in 2700ms
 GET /pentest-pbq/robots-txt 200 in 2717ms
 GET /acronym-quiz 200 in 2700ms
 GET /pbq/vpn-config 200 in 2702ms
 GET /pbq/log-analysis 200 in 2701ms
 GET /pbq/incident-response 200 in 2705ms
 GET /pentest-pbq/cloud-s3 200 in 2717ms
 GET /pentest-pbq/container-escape 200 in 2715ms
 GET /pbq/certificate-mgmt 200 in 2745ms
[?25h
